nohup: ignoring input
Using device: cuda:3
Loading data...
Data Loaded: Train 7613, Val 1904, Test 1049
DEBUG: Unique labels in y_train: [0 1 2 3 4 5 6 7 8 9]

--- Starting Bayesian Optimization ---
|   iter    |  target   | batch_... | activa... |
-------------------------------------------------
| [39m1        [39m | [39m0.8890453[39m | [39m393.53643[39m | [39m2.8511922[39m |
| [39m2        [39m | [39m0.6007812[39m | [39m753.84989[39m | [39m1.7953767[39m |
| [35m3        [39m | [35m0.9325385[39m | [35m173.26678[39m | [35m0.4678275[39m |
| [39m4        [39m | [39m0.9210781[39m | [39m74.548281[39m | [39m2.5976622[39m |
| [39m5        [39m | [39m0.8705668[39m | [39m621.92393[39m | [39m2.1235096[39m |
| [39m6        [39m | [39m0.8698566[39m | [39m173.69813[39m | [39m1.9342503[39m |
| [35m7        [39m | [35m0.9335229[39m | [35m168.93488[39m | [35m0.0      [39m |
| [39m8        [39m | [39m0.9204173[39m | [39m67.627839[39m | [39m2.9390679[39m |
| [35m9        [39m | [35m0.9527375[39m | [35m81.781541[39m | [35m0.0      [39m |
| [39m10       [39m | [39m0.9146569[39m | [39m87.413706[39m | [39m2.999    [39m |
| [35m11       [39m | [35m0.9590727[39m | [35m59.641866[39m | [35m0.0      [39m |
| [39m12       [39m | [39m0.9346864[39m | [39m54.055711[39m | [39m2.999    [39m |
| [35m13       [39m | [35m0.9657488[39m | [35m46.053614[39m | [35m0.0      [39m |
| [39m14       [39m | [39m0.9421895[39m | [39m40.354802[39m | [39m2.999    [39m |
| [35m15       [39m | [35m0.9661249[39m | [35m32.203750[39m | [35m0.0      [39m |
| [39m16       [39m | [39m0.9553567[39m | [39m26.181474[39m | [39m2.999    [39m |
| [35m17       [39m | [35m0.9707585[39m | [35m18.599993[39m | [35m0.0      [39m |
| [39m18       [39m | [39m0.4777368[39m | [39m940.26462[39m | [39m1.8820822[39m |
| [39m19       [39m | [39m0.9015762[39m | [39m347.76005[39m | [39m0.1985502[39m |
| [39m20       [39m | [39m0.8936122[39m | [39m317.72946[39m | [39m2.4575659[39m |
=================================================

--- Best Hyperparameters Found ---
Batch Size: 18
Activation: relu
Validation F1 (approx): 0.9708

Training final model for 10 epochs...
Epoch 1: Train F1 = 0.7055
Epoch 2: Train F1 = 0.8645
Epoch 3: Train F1 = 0.8922
Epoch 4: Train F1 = 0.9104
Epoch 5: Train F1 = 0.9280
Epoch 6: Train F1 = 0.9407
Epoch 7: Train F1 = 0.9484
Epoch 8: Train F1 = 0.9567
Epoch 9: Train F1 = 0.9568
Epoch 10: Train F1 = 0.9619
Training Plot saved to bayes_opt_training_f1.png

Final Test F1 Score: 0.9638
